{"C:\\PowerMeUpExamples\\Chapter12\\2.JestExample\\MyCharCount\\index.ts": {"path":"C:\\PowerMeUpExamples\\Chapter12\\2.JestExample\\MyCharCount\\index.ts","statementMap":{"0":{"start":{"line":3,"column":0},"end":{"line":3,"column":13}},"1":{"start":{"line":27,"column":9},"end":{"line":56,"column":null}},"2":{"start":{"line":33,"column":4},"end":{"line":33,"column":44}},"3":{"start":{"line":35,"column":4},"end":{"line":35,"column":54}},"4":{"start":{"line":36,"column":4},"end":{"line":36,"column":79}},"5":{"start":{"line":39,"column":4},"end":{"line":39,"column":49}},"6":{"start":{"line":41,"column":4},"end":{"line":41,"column":54}},"7":{"start":{"line":42,"column":4},"end":{"line":42,"column":46}},"8":{"start":{"line":43,"column":4},"end":{"line":46,"column":6}},"9":{"start":{"line":47,"column":4},"end":{"line":47,"column":80}},"10":{"start":{"line":49,"column":4},"end":{"line":49,"column":55}},"11":{"start":{"line":51,"column":4},"end":{"line":51,"column":43}},"12":{"start":{"line":52,"column":4},"end":{"line":52,"column":47}},"13":{"start":{"line":53,"column":4},"end":{"line":53,"column":40}},"14":{"start":{"line":55,"column":4},"end":{"line":55,"column":78}},"15":{"start":{"line":62,"column":9},"end":{"line":71,"column":null}},"16":{"start":{"line":63,"column":33},"end":{"line":63,"column":85}},"17":{"start":{"line":64,"column":4},"end":{"line":69,"column":null}},"18":{"start":{"line":65,"column":6},"end":{"line":65,"column":55}},"19":{"start":{"line":66,"column":28},"end":{"line":66,"column":101}},"20":{"start":{"line":67,"column":6},"end":{"line":67,"column":80}},"21":{"start":{"line":68,"column":6},"end":{"line":68,"column":36}},"22":{"start":{"line":70,"column":4},"end":{"line":70,"column":55}},"23":{"start":{"line":77,"column":9},"end":{"line":81,"column":null}},"24":{"start":{"line":78,"column":4},"end":{"line":80,"column":6}},"25":{"start":{"line":87,"column":9},"end":{"line":89,"column":null}},"26":{"start":{"line":94,"column":9},"end":{"line":96,"column":null}},"27":{"start":{"line":95,"column":4},"end":{"line":95,"column":33}},"28":{"start":{"line":97,"column":0},"end":{"line":97,"column":null}},"29":{"start":{"line":3,"column":13},"end":{"line":3,"column":31}}},"fnMap":{"0":{"name":"(anonymous_0)","decl":{"start":{"line":3,"column":0},"end":{"line":3,"column":13}},"loc":{"start":{"line":3,"column":0},"end":{"line":97,"column":null}}},"1":{"name":"MyCharacterCounter","decl":{"start":{"line":16,"column":2},"end":{"line":16,"column":17}},"loc":{"start":{"line":16,"column":2},"end":{"line":16,"column":18}}},"2":{"name":"(anonymous_2)","decl":{"start":{"line":27,"column":2},"end":{"line":27,"column":9}},"loc":{"start":{"line":31,"column":29},"end":{"line":56,"column":3}}},"3":{"name":"(anonymous_3)","decl":{"start":{"line":62,"column":2},"end":{"line":62,"column":9}},"loc":{"start":{"line":62,"column":64},"end":{"line":71,"column":3}}},"4":{"name":"(anonymous_4)","decl":{"start":{"line":77,"column":2},"end":{"line":77,"column":9}},"loc":{"start":{"line":77,"column":2},"end":{"line":81,"column":3}}},"5":{"name":"(anonymous_5)","decl":{"start":{"line":87,"column":2},"end":{"line":87,"column":9}},"loc":{"start":{"line":87,"column":2},"end":{"line":89,"column":3}}},"6":{"name":"(anonymous_6)","decl":{"start":{"line":94,"column":2},"end":{"line":94,"column":9}},"loc":{"start":{"line":94,"column":63},"end":{"line":96,"column":3}}}},"branchMap":{"0":{"loc":{"start":{"line":36,"column":29},"end":{"line":36,"column":73}},"type":"binary-expr","locations":[{"start":{"line":36,"column":29},"end":{"line":36,"column":73}},{"start":{"line":36,"column":77},"end":{"line":36,"column":78}}]},"1":{"loc":{"start":{"line":47,"column":25},"end":{"line":47,"column":73}},"type":"binary-expr","locations":[{"start":{"line":47,"column":25},"end":{"line":47,"column":73}},{"start":{"line":47,"column":77},"end":{"line":47,"column":79}}]},"2":{"loc":{"start":{"line":63,"column":80},"end":{"line":63,"column":84}},"type":"cond-expr","locations":[{"start":{"line":63,"column":80},"end":{"line":63,"column":84}},{"start":{"line":63,"column":84},"end":{"line":63,"column":85}}]},"3":{"loc":{"start":{"line":63,"column":33},"end":{"line":63,"column":84}},"type":"binary-expr","locations":[{"start":{"line":63,"column":33},"end":{"line":63,"column":84}},{"start":{"line":63,"column":80},"end":{"line":63,"column":84}}]},"4":{"loc":{"start":{"line":64,"column":4},"end":{"line":69,"column":null}},"type":"if","locations":[{"start":{"line":64,"column":4},"end":{"line":69,"column":null}},{"start":{"line":64,"column":4},"end":{"line":69,"column":null}}]}},"s":{"0":1,"1":1,"2":0,"3":0,"4":0,"5":0,"6":0,"7":0,"8":0,"9":0,"10":0,"11":0,"12":0,"13":0,"14":0,"15":1,"16":0,"17":0,"18":0,"19":0,"20":0,"21":0,"22":0,"23":1,"24":0,"25":1,"26":1,"27":3,"28":1,"29":1},"f":{"0":1,"1":3,"2":0,"3":0,"4":0,"5":0,"6":3},"b":{"0":[0,0],"1":[0,0],"2":[0,0],"3":[0,0],"4":[0,0]}}
}
